<?xml version="1.0" encoding="UTF-8"?>
<!-- Generated by org.testng.reporters.JUnitReportReporter -->
<testsuite skipped="0" hostname="Mayur-PC" name="Suit.Multilogin" tests="2" failures="0" timestamp="21 Jul 2020 07:42:09 GMT" time="73.120" errors="0">
  <testcase name="m" time="37.130" classname="Suit.Multilogin"/>
  <testcase name="inval" time="35.990" classname="Suit.Multilogin"/>
</testsuite> <!-- Suit.Multilogin -->
