<?xml version="1.0" encoding="UTF-8"?>
<!-- Generated by org.testng.reporters.JUnitReportReporter -->
<testsuite skipped="0" hostname="Mayur-PC" name="Suit.Placeorder" tests="1" failures="0" timestamp="18 Jul 2020 06:44:40 GMT" time="89.088" errors="0">
  <testcase name="loginsucces" time="89.088" classname="Suit.Placeorder"/>
</testsuite> <!-- Suit.Placeorder -->
